#
# A fatal error has been detected by the Java Runtime Environment:
#
#  Internal Error (javaClasses.cpp:129), pid=14492, tid=13820
#  fatal error: Invalid layout of preloaded class
#
# JRE version: 7.0_25-b17
# Java VM: Java HotSpot(TM) Client VM (23.25-b01 mixed mode windows-x86 )
# Failed to write core dump. Minidumps are not enabled by default on client versions of Windows
#
# If you would like to submit a bug report, please visit:
#   http://bugreport.sun.com/bugreport/crash.jsp
#

---------------  T H R E A D  ---------------

Current thread (0x01e5a800):  JavaThread "Unknown thread" [_thread_in_vm, id=13820, stack(0x00c00000,0x00c50000)]

Stack: [0x00c00000,0x00c50000],  sp=0x00c4f9c4,  free space=318k
Native frames: (J=compiled Java code, j=interpreted, Vv=VM code, C=native code)
V  [jvm.dll+0x167e31]
V  [jvm.dll+0x1620f6]
V  [jvm.dll+0x1f92f]
V  [jvm.dll+0x1f9b6]
V  [jvm.dll+0x2cffd]
V  [jvm.dll+0x2d2a9]
V  [jvm.dll+0x75351]
V  [jvm.dll+0x7570b]
V  [jvm.dll+0x123881]
V  [jvm.dll+0x1439cc]
V  [jvm.dll+0xa619f]
C  [javaw.exe+0x13ca]
C  [javaw.exe+0x1e3c]
C  [javaw.exe+0xa5b1]
C  [javaw.exe+0xa63b]
C  [KERNEL32.DLL+0x1695]  BaseThreadInitThunk+0x12
C  [ntdll.dll+0x11d3c]  RtlpUnWaitCriticalSection+0x216
C  [ntdll.dll+0x11d15]  RtlpUnWaitCriticalSection+0x1ef


---------------  P R O C E S S  ---------------

Java Threads: ( => current thread )

Other Threads:

=>0x01e5a800 (exited) JavaThread "Unknown thread" [_thread_in_vm, id=13820, stack(0x00c00000,0x00c50000)]

VM state:not at safepoint (not fully initialized)

VM Mutex/Monitor currently owned by a thread: None

GC Heap History (0 events):
No events

Deoptimization events (0 events):
No events

Internal exceptions (0 events):
No events

Events (10 events):
Event: 0.011 loading class 0x00ce3c48 done
Event: 0.011 loading class 0x00cc5478 done
Event: 0.011 loading class 0x00cc5248
Event: 0.011 loading class 0x00ce5d30
Event: 0.011 loading class 0x00ce5d30 done
Event: 0.011 loading class 0x00ce5d68
Event: 0.011 loading class 0x00ce5d68 done
Event: 0.011 loading class 0x00d30f30
Event: 0.011 loading class 0x00d30f30 done
Event: 0.012 loading class 0x00cc5248 done


Dynamic libraries:
0x00e00000 - 0x00e2f000 	C:\Program Files\Java\jre7\bin\javaw.exe
0x77600000 - 0x77763000 	C:\Windows\SYSTEM32\ntdll.dll
0x75f90000 - 0x76087000 	C:\Windows\system32\KERNEL32.DLL
0x753a0000 - 0x75471000 	C:\Windows\system32\KERNELBASE.dll
0x76270000 - 0x762e7000 	C:\Windows\system32\ADVAPI32.dll
0x762f0000 - 0x7643b000 	C:\Windows\system32\USER32.dll
0x727f0000 - 0x729d6000 	C:\Windows\WinSxS\x86_microsoft.windows.common-controls_6595b64144ccf1df_6.0.9431.0_none_9407bfa1f2987267\COMCTL32.dll
0x75710000 - 0x757ce000 	C:\Windows\system32\msvcrt.dll
0x76440000 - 0x7647e000 	C:\Windows\SYSTEM32\sechost.dll
0x75640000 - 0x75703000 	C:\Windows\system32\RPCRT4.dll
0x75490000 - 0x75599000 	C:\Windows\system32\GDI32.dll
0x75da0000 - 0x75dc5000 	C:\Windows\system32\IMM32.DLL
0x75b00000 - 0x75bef000 	C:\Windows\system32\MSCTF.dll
0x6da70000 - 0x6db2e000 	C:\Program Files\Java\jre7\bin\msvcr100.dll
0x5c010000 - 0x5c352000 	C:\Program Files\Java\jre7\bin\client\jvm.dll
0x72650000 - 0x72658000 	C:\Windows\SYSTEM32\WSOCK32.dll
0x71a70000 - 0x71a90000 	C:\Windows\SYSTEM32\WINMM.dll
0x75480000 - 0x75486000 	C:\Windows\system32\PSAPI.DLL
0x76220000 - 0x7626d000 	C:\Windows\system32\WS2_32.dll
0x71820000 - 0x71840000 	C:\Windows\SYSTEM32\WINMMBASE.dll
0x75630000 - 0x75637000 	C:\Windows\system32\NSI.dll
0x70ea0000 - 0x70eac000 	C:\Program Files\Java\jre7\bin\verify.dll
0x706a0000 - 0x706c0000 	C:\Program Files\Java\jre7\bin\java.dll
0x6f760000 - 0x6f773000 	C:\Program Files\Java\jre7\bin\zip.dll
0x6d110000 - 0x6d253000 	C:\Windows\SYSTEM32\dbghelp.dll

VM Arguments:
jvm_args: -Dfile.encoding=GBK -Xbootclasspath:G:\android\sdk\platforms\android-18\android.jar 
java_command: com.music.lyric.QianQianJingTingLyricUtil
Launcher Type: SUN_STANDARD

Environment Variables:
JAVA_HOME=C:\Program Files\Java\jdk1.7.0
CLASSPATH=.;C:\Program Files\Java\jdk1.7.0\lib\dt.jar;C:\Program Files\Java\jdk1.7.0\lib\tools.jar;
PATH=C:/Program Files/Java/jre7/bin/client;C:/Program Files/Java/jre7/bin;C:/Program Files/Java/jre7/lib/i386;C:\Windows\system32;C:\Windows;C:\Windows\System32\Wbem;C:\Windows\System32\WindowsPowerShell\v1.0\;C:\Program Files\Java\jdk1.7.0\bin;C:\Program Files\Java\jdk1.7.0\jre\bin;G:\Program Files\MySQL\MySQL Server 5.5\bin;G:\android\sdk\platform-tools;G:\android\sdk\tools;G:\apache-ant-1.9.2\bin;C:\Program Files\CVSNT\;G:\android\eclipse;
USERNAME=fayuan
OS=Windows_NT
PROCESSOR_IDENTIFIER=x86 Family 6 Model 23 Stepping 10, GenuineIntel



---------------  S Y S T E M  ---------------

OS: Windows 8 Build 9200 

CPU:total 2 (2 cores per cpu, 1 threads per core) family 6 model 23 stepping 10, cmov, cx8, fxsr, mmx, sse, sse2, sse3, ssse3, tsc

Memory: 4k page, physical 3634296k(1430148k free), swap 5725760k(2727548k free)

vm_info: Java HotSpot(TM) Client VM (23.25-b01) for windows-x86 JRE (1.7.0_25-b17), built on Jun 21 2013 13:06:48 by "java_re" with unknown MS VC++:1600

time: Sat Nov 02 17:47:08 2013
elapsed time: 0 seconds

